<?xml version="1.0" encoding="utf-8"?><testsuites name="pytest tests"><testsuite name="pytest" errors="0" failures="0" skipped="0" tests="55" time="19.793" timestamp="2026-09-10T12:55:40.930104+08:00" hostname="zhinengliang.local"><testcase classname="tests.test_business" name="test_full_import_review_export_revoke" time="0.693" /><testcase classname="tests.test_business" name="test_roles_self_review_and_snapshot_policy" time="0.479" /><testcase classname="tests.test_business" name="test_conflict_missing_and_manual_selection" time="0.490" /><testcase classname="tests.test_business" name="test_concurrent_decisions_and_current_mapping" time="0.472" /><testcase classname="tests.test_business" name="test_org_isolation_every_entry_and_fk" time="0.500" /><testcase classname="tests.test_business" name="test_disabled_member_immediately_denied" time="0.478" /><testcase classname="tests.test_business" name="test_idempotency_and_bulk_partial_results" time="0.494" /><testcase classname="tests.test_business" name="test_duplicate_job_and_crash_recovery" time="0.509" /><testcase classname="tests.test_business" name="test_cancel_fences_worker_and_retry_new_run" time="0.495" /><testcase classname="tests.test_business" name="test_new_revision_and_catalog_do_not_change_old_run" time="0.549" /><testcase classname="tests.test_business" name="test_export_safe_text_and_complete_status" time="0.490" /><testcase classname="tests.test_business" name="test_refresh_csrf_logout_and_rate_limit" time="0.806" /><testcase classname="tests.test_matching" name="test_hard_conflicts[ram-12]" time="0.001" /><testcase classname="tests.test_matching" name="test_hard_conflicts[storage-256]" time="0.001" /><testcase classname="tests.test_matching" name="test_hard_conflicts[color-\u767d\u8272]" time="0.001" /><testcase classname="tests.test_matching" name="test_hard_conflicts[region-\u6e2f\u7248]" time="0.001" /><testcase classname="tests.test_matching" name="test_hard_conflicts[pack_count-2]" time="0.001" /><testcase classname="tests.test_matching" name="test_hard_conflicts[model-x6]" time="0.001" /><testcase classname="tests.test_matching" name="test_hard_conflicts[brand-B\u724c]" time="0.001" /><testcase classname="tests.test_matching" name="test_shorthand_missing_and_units" time="0.000" /><testcase classname="tests.test_matching" name="test_name_and_structured_identity_conflict[model-x6]" time="0.000" /><testcase classname="tests.test_matching" name="test_name_and_structured_identity_conflict[color-\u767d\u8272]" time="0.000" /><testcase classname="tests.test_matching" name="test_name_and_structured_identity_conflict[region-\u6e2f\u7248]" time="0.000" /><testcase classname="tests.test_matching" name="test_name_and_structured_identity_conflict[pack_count-2]" time="0.000" /><testcase classname="tests.test_matching" name="test_missing_never_recommended_and_price_irrelevant" time="0.002" /><testcase classname="tests.test_matching" name="test_no_brand_bucket_and_top20_bound" time="0.002" /><testcase classname="tests.test_matching" name="test_csv_quality_and_leading_zero" time="0.001" /><testcase classname="tests.test_matching" name="test_xlsx_sheet_header_formulas_and_number_format" time="0.004" /><testcase classname="tests.test_matching" name="test_bad_files_rejected[csv_signature]" time="0.000" /><testcase classname="tests.test_matching" name="test_bad_files_rejected[xlsx_signature]" time="0.000" /><testcase classname="tests.test_matching" name="test_bad_files_rejected[unsupported_type]" time="0.000" /><testcase classname="tests.test_matching" name="test_bad_files_rejected[size_limit]" time="0.000" /><testcase classname="tests.test_optimization" name="test_sql_page_constant_and_tenant_scoped" time="0.646" /><testcase classname="tests.test_optimization" name="test_reordered_file_has_zero_business_difference_and_five_field_changes" time="0.594" /><testcase classname="tests.test_optimization" name="test_duplicate_and_generated_ids_are_explicit_ambiguities" time="0.546" /><testcase classname="tests.test_optimization" name="test_async_parse_and_validation_cache_full_paging_retry_and_isolation" time="0.535" /><testcase classname="tests.test_optimization" name="test_mapping_templates_versioned_no_duplicate_and_cross_tenant_hidden" time="0.504" /><testcase classname="tests.test_optimization" name="test_correction_subset_immutable_traceable_idempotent_and_dual_review" time="0.592" /><testcase classname="tests.test_optimization" name="test_101st_batch_member_and_history_discoverable" time="0.545" /><testcase classname="tests.test_optimization" name="test_expired_export_cleanup_retries_and_preserves_snapshot" time="0.509" /><testcase classname="tests.test_optimization" name="test_usage_and_metrics_are_scoped" time="0.504" /><testcase classname="tests.test_optimization" name="test_summary_and_selected_details_agree" time="0.499" /><testcase classname="tests.test_optimization" name="test_policy_promotion_api_rejects_simulation_and_shadow_does_not_mutate" time="0.671" /><testcase classname="tests.test_optimization" name="test_chinese_search_uses_decoded_json_text" time="0.502" /><testcase classname="tests.test_policy_evaluation" name="test_offline_online_frozen_feature_score_ranking_status_parity" time="0.578" /><testcase classname="tests.test_policy_evaluation" name="test_whole_bundle_gate_rejects_tamper_failed_metrics_and_simulation" time="0.005" /><testcase classname="tests.test_policy_evaluation" name="test_empty_recommendations_not_perfect_and_zero_errors_have_nonzero_interval" time="0.005" /><testcase classname="tests.test_policy_evaluation" name="test_entity_splits_and_entire_no_match_removal_enforced" time="0.086" /><testcase classname="tests.test_recovery" name="test_outbox_retained_when_redis_unavailable" time="0.579" /><testcase classname="tests.test_recovery" name="test_transient_retries_and_failed_run_closed" time="0.506" /><testcase classname="tests.test_recovery" name="test_stale_fence_and_expired_lease_cannot_commit" time="0.788" /><testcase classname="tests.test_recovery" name="test_one_active_run_per_org" time="0.571" /><testcase classname="tests.test_recovery" name="test_manifest_version_mismatch_fails_instead_of_reinterpreting" time="0.529" /><testcase classname="tests.test_recovery" name="test_real_worker_exit_before_and_after_commit[before_commit]" time="1.500" /><testcase classname="tests.test_recovery" name="test_real_worker_exit_before_and_after_commit[after_commit]" time="1.459" /></testsuite></testsuites>